<?xml version="1.0" encoding="UTF-8"?>
<coverage generated="1434020609">
  <project timestamp="1434020609">
    <package name="SOLID">
      <file name="/var/www/SOLID/src/CompatibleOptionsCollection.php">
        <class name="CompatibleOptionsCollection" namespace="SOLID">
          <metrics methods="2" coveredmethods="2" conditionals="0" coveredconditionals="0" statements="7" coveredstatements="7" elements="9" coveredelements="9"/>
        </class>
        <line num="15" type="method" name="add" crap="1" count="7"/>
        <line num="17" type="stmt" count="7"/>
        <line num="18" type="stmt" count="7"/>
        <line num="25" type="method" name="has" crap="3" count="7"/>
        <line num="27" type="stmt" count="7"/>
        <line num="28" type="stmt" count="7"/>
        <line num="29" type="stmt" count="7"/>
        <line num="31" type="stmt" count="2"/>
        <line num="32" type="stmt" count="2"/>
        <metrics loc="35" ncloc="24" classes="1" methods="2" coveredmethods="2" conditionals="0" coveredconditionals="0" statements="7" coveredstatements="7" elements="9" coveredelements="9"/>
      </file>
      <file name="/var/www/SOLID/src/Options/BaseOption.php">
        <class name="BaseOption" namespace="SOLID">
          <metrics methods="4" coveredmethods="4" conditionals="0" coveredconditionals="0" statements="6" coveredstatements="6" elements="10" coveredelements="10"/>
        </class>
        <line num="21" type="method" name="__construct" crap="1" count="11"/>
        <line num="23" type="stmt" count="11"/>
        <line num="24" type="stmt" count="11"/>
        <line num="25" type="stmt" count="11"/>
        <line num="30" type="method" name="getPrice" crap="1" count="5"/>
        <line num="32" type="stmt" count="5"/>
        <line num="40" type="method" name="isInCompatibleWithOption" crap="1" count="3"/>
        <line num="42" type="stmt" count="3"/>
        <line num="50" type="method" name="equals" crap="1" count="6"/>
        <line num="52" type="stmt" count="6"/>
        <metrics loc="55" ncloc="32" classes="1" methods="4" coveredmethods="4" conditionals="0" coveredconditionals="0" statements="6" coveredstatements="6" elements="10" coveredelements="10"/>
      </file>
      <file name="/var/www/SOLID/src/Options/NotSoSwegOption.php">
        <class name="NotSoSwegOption" namespace="SOLID">
          <metrics methods="0" coveredmethods="0" conditionals="0" coveredconditionals="0" statements="0" coveredstatements="0" elements="0" coveredelements="0"/>
        </class>
        <metrics loc="8" ncloc="8" classes="1" methods="0" coveredmethods="0" conditionals="0" coveredconditionals="0" statements="0" coveredstatements="0" elements="0" coveredelements="0"/>
      </file>
      <file name="/var/www/SOLID/src/Options/SwegOption.php">
        <class name="SwegOption" namespace="SOLID">
          <metrics methods="0" coveredmethods="0" conditionals="0" coveredconditionals="0" statements="0" coveredstatements="0" elements="0" coveredelements="0"/>
        </class>
        <metrics loc="11" ncloc="11" classes="1" methods="0" coveredmethods="0" conditionals="0" coveredconditionals="0" statements="0" coveredstatements="0" elements="0" coveredelements="0"/>
      </file>
      <file name="/var/www/SOLID/src/Products/MultipleOptionsProduct.php">
        <class name="MultipleOptionsProduct" namespace="SOLID">
          <metrics methods="8" coveredmethods="8" conditionals="0" coveredconditionals="0" statements="28" coveredstatements="28" elements="36" coveredelements="36"/>
        </class>
        <line num="27" type="method" name="__construct" crap="1" count="6"/>
        <line num="29" type="stmt" count="6"/>
        <line num="30" type="stmt" count="6"/>
        <line num="31" type="stmt" count="6"/>
        <line num="32" type="stmt" count="6"/>
        <line num="37" type="method" name="getBasePrice" crap="1" count="3"/>
        <line num="39" type="stmt" count="3"/>
        <line num="45" type="method" name="getTotalPrice" crap="2" count="2"/>
        <line num="47" type="stmt" count="2"/>
        <line num="48" type="stmt" count="2"/>
        <line num="49" type="stmt" count="2"/>
        <line num="50" type="stmt" count="2"/>
        <line num="52" type="stmt" count="2"/>
        <line num="60" type="method" name="addOption" crap="1" count="6"/>
        <line num="62" type="stmt" count="6"/>
        <line num="63" type="stmt" count="6"/>
        <line num="64" type="stmt" count="6"/>
        <line num="65" type="stmt" count="6"/>
        <line num="70" type="method" name="ensureNoMoreThanThreeOptionsArePresent" crap="2" count="6"/>
        <line num="72" type="stmt" count="6"/>
        <line num="73" type="stmt" count="1"/>
        <line num="75" type="stmt" count="6"/>
        <line num="77" type="method" name="ensureOptionCompatibility" crap="3" count="6"/>
        <line num="79" type="stmt" count="6"/>
        <line num="80" type="stmt" count="1"/>
        <line num="83" type="stmt" count="6"/>
        <line num="84" type="stmt" count="1"/>
        <line num="86" type="stmt" count="6"/>
        <line num="88" type="method" name="isInCompatibleWithSelectedOptions" crap="3" count="6"/>
        <line num="90" type="stmt" count="6"/>
        <line num="91" type="stmt" count="3"/>
        <line num="92" type="stmt" count="1"/>
        <line num="94" type="stmt" count="6"/>
        <line num="96" type="stmt" count="6"/>
        <line num="104" type="method" name="isInCompatibleWithProduct" crap="1" count="6"/>
        <line num="106" type="stmt" count="6"/>
        <metrics loc="109" ncloc="76" classes="1" methods="8" coveredmethods="8" conditionals="0" coveredconditionals="0" statements="28" coveredstatements="28" elements="36" coveredelements="36"/>
      </file>
      <file name="/var/www/SOLID/src/Products/NoOptionProduct.php">
        <class name="NoOptionProduct" namespace="SOLID">
          <metrics methods="3" coveredmethods="3" conditionals="0" coveredconditionals="0" statements="4" coveredstatements="4" elements="7" coveredelements="7"/>
        </class>
        <line num="15" type="method" name="__construct" crap="1" count="2"/>
        <line num="17" type="stmt" count="2"/>
        <line num="18" type="stmt" count="2"/>
        <line num="23" type="method" name="getBasePrice" crap="1" count="1"/>
        <line num="25" type="stmt" count="1"/>
        <line num="31" type="method" name="getTotalPrice" crap="1" count="1"/>
        <line num="33" type="stmt" count="1"/>
        <metrics loc="36" ncloc="24" classes="1" methods="3" coveredmethods="3" conditionals="0" coveredconditionals="0" statements="4" coveredstatements="4" elements="7" coveredelements="7"/>
      </file>
      <file name="/var/www/SOLID/src/Products/SingleOptionProduct.php">
        <class name="SingleOptionProduct" namespace="SOLID">
          <metrics methods="4" coveredmethods="4" conditionals="0" coveredconditionals="0" statements="8" coveredstatements="8" elements="12" coveredelements="12"/>
        </class>
        <line num="21" type="method" name="__construct" crap="1" count="3"/>
        <line num="23" type="stmt" count="3"/>
        <line num="24" type="stmt" count="3"/>
        <line num="25" type="stmt" count="3"/>
        <line num="30" type="method" name="getBasePrice" crap="1" count="3"/>
        <line num="32" type="stmt" count="3"/>
        <line num="38" type="method" name="getTotalPrice" crap="1" count="2"/>
        <line num="40" type="stmt" count="2"/>
        <line num="46" type="method" name="getOptionPrice" crap="2" count="2"/>
        <line num="48" type="stmt" count="2"/>
        <line num="49" type="stmt" count="1"/>
        <line num="52" type="stmt" count="1"/>
        <metrics loc="55" ncloc="36" classes="1" methods="4" coveredmethods="4" conditionals="0" coveredconditionals="0" statements="8" coveredstatements="8" elements="12" coveredelements="12"/>
      </file>
    </package>
    <file name="/var/www/SOLID/src/Options/Option.php">
      <metrics loc="27" ncloc="14" classes="0" methods="0" coveredmethods="0" conditionals="0" coveredconditionals="0" statements="0" coveredstatements="0" elements="0" coveredelements="0"/>
    </file>
    <file name="/var/www/SOLID/src/Products/Product.php">
      <metrics loc="10" ncloc="10" classes="0" methods="0" coveredmethods="0" conditionals="0" coveredconditionals="0" statements="0" coveredstatements="0" elements="0" coveredelements="0"/>
    </file>
    <metrics files="9" loc="346" ncloc="235" classes="7" methods="21" coveredmethods="21" conditionals="0" coveredconditionals="0" statements="53" coveredstatements="53" elements="74" coveredelements="74"/>
  </project>
</coverage>
